0 info it worked if it ends with ok
1 verbose cli [ '/home/jp/.node/bin/node',
1 verbose cli   '/home/jp/.node/bin/npm',
1 verbose cli   'i',
1 verbose cli   '--save',
1 verbose cli   'morgan' ]
2 info using npm@2.15.8
3 info using node@v4.4.7
4 verbose install initial load of /home/jp/coding/codefellows/401/lab-Jp/FakeSportsRealMoney/package.json
5 verbose stack Error: Failed to parse json
5 verbose stack Trailing comma in object at 40:3
5 verbose stack   }
5 verbose stack   ^
5 verbose stack     at parseError (/home/jp/.node/lib/node_modules/npm/node_modules/read-package-json/read-json.js:390:11)
5 verbose stack     at parseJson (/home/jp/.node/lib/node_modules/npm/node_modules/read-package-json/read-json.js:79:23)
5 verbose stack     at /home/jp/.node/lib/node_modules/npm/node_modules/read-package-json/read-json.js:48:5
5 verbose stack     at /home/jp/.node/lib/node_modules/npm/node_modules/graceful-fs/graceful-fs.js:78:16
5 verbose stack     at FSReqWrap.readFileAfterClose [as oncomplete] (fs.js:380:3)
6 verbose cwd /home/jp/coding/codefellows/401/lab-Jp/FakeSportsRealMoney
7 error Linux 4.4.0-34-generic
8 error argv "/home/jp/.node/bin/node" "/home/jp/.node/bin/npm" "i" "--save" "morgan"
9 error node v4.4.7
10 error npm  v2.15.8
11 error file /home/jp/coding/codefellows/401/lab-Jp/FakeSportsRealMoney/package.json
12 error code EJSONPARSE
13 error Failed to parse json
13 error Trailing comma in object at 40:3
13 error   }
13 error   ^
14 error File: /home/jp/coding/codefellows/401/lab-Jp/FakeSportsRealMoney/package.json
15 error Failed to parse package.json data.
15 error package.json must be actual JSON, not just JavaScript.
15 error
15 error This is not a bug in npm.
15 error Tell the package author to fix their package.json file. JSON.parse
16 verbose exit [ 1, true ]
